  Source.cpp
C:\Users\awais\Source\Repos\sameed-as\DSA-project\DSProject\BigInt.h(13,9): warning C4267: 'initializing': conversion from 'size_t' to 'int', possible loss of data
C:\Users\awais\Source\Repos\sameed-as\DSA-project\DSProject\BigInt.h(28,14): warning C4267: 'initializing': conversion from 'size_t' to 'int', possible loss of data
C:\Users\awais\Source\Repos\sameed-as\DSA-project\DSProject\BigInt.h(45,23): warning C4267: 'return': conversion from 'size_t' to 'int', possible loss of data
C:\Users\awais\Source\Repos\sameed-as\DSA-project\DSProject\BigInt.h(87,12): warning C4267: 'initializing': conversion from 'size_t' to 'int', possible loss of data
C:\Users\awais\Source\Repos\sameed-as\DSA-project\DSProject\BigInt.h(106,12): warning C4267: 'initializing': conversion from 'size_t' to 'int', possible loss of data
C:\Users\awais\Source\Repos\sameed-as\DSA-project\DSProject\BigInt.h(180,9): warning C4267: 'initializing': conversion from 'size_t' to 'int', possible loss of data
C:\Users\awais\Source\Repos\sameed-as\DSA-project\DSProject\BigInt.h(180,34): warning C4267: 'initializing': conversion from 'size_t' to 'int', possible loss of data
C:\Users\awais\Source\Repos\sameed-as\DSA-project\DSProject\BigInt.h(316,8): warning C4267: 'initializing': conversion from 'size_t' to 'int', possible loss of data
C:\Users\awais\Source\Repos\sameed-as\DSA-project\DSProject\BigInt.h(326,13): warning C4267: 'initializing': conversion from 'size_t' to 'int', possible loss of data
C:\Users\awais\Source\Repos\sameed-as\DSA-project\DSProject\BTree.h(33,20): warning C4244: '=': conversion from 'double' to 'int', possible loss of data
C:\Users\awais\Source\Repos\sameed-as\DSA-project\DSProject\BTree.h(157,20): warning C4244: '=': conversion from 'double' to 'int', possible loss of data
C:\Users\awais\Source\Repos\sameed-as\DSA-project\DSProject\BTree.h(466,22): warning C4267: 'initializing': conversion from 'size_t' to 'int', possible loss of data
C:\Users\awais\Source\Repos\sameed-as\DSA-project\DSProject\machine.h(67,25): warning C4244: 'argument': conversion from 'unsigned __int64' to 'int', possible loss of data
C:\Users\awais\Source\Repos\sameed-as\DSA-project\DSProject\routing_table.h(27,20): warning C4244: '=': conversion from 'unsigned __int64' to 'int', possible loss of data
C:\Users\awais\Source\Repos\sameed-as\DSA-project\DSProject\routing_table.h(24,2): message : while compiling class template member function 'routing_table<machine>::routing_table(unsigned __int64,BigInt)'
C:\Users\awais\Source\Repos\sameed-as\DSA-project\DSProject\machine.h(69,6): message : see the first reference to 'routing_table<machine>::routing_table' in 'machine::machine'
C:\Users\awais\Source\Repos\sameed-as\DSA-project\DSProject\machine.h(69,12): message : see reference to class template instantiation 'routing_table<machine>' being compiled
C:\Users\awais\Source\Repos\sameed-as\DSA-project\DSProject\routing_table.h(32,26): warning C4244: 'initializing': conversion from 'double' to 'unsigned __int64', possible loss of data
  DSProject.vcxproj -> C:\Users\awais\Source\Repos\sameed-as\DSA-project\DSProject\x64\Debug\DSProject.exe
